1.975345997045968360e+00
-5.158692211678389601e-10
1.231992620291115503e-02
-5.143740682128008843e-12
1.746492713188953312e-19
-1.192789007363850244e-18
-8.960762735624863695e-03
-1.743205073081444405e-17
2.237712015789818963e-17
1.572501601617386243e-09
-5.158692211678389601e-10
5.233961270685247302e-03
-6.139468567235711788e-11
-5.561110866039388825e-03
-3.390758540658614834e-17
-6.472855953503088748e-18
-9.481696360223630255e-12
6.985016994551301313e-19
-4.658136820421593416e-19
-9.415212030308025247e-04
1.231992620291115503e-02
-6.139468567235711788e-11
4.453076191604184164e-03
1.825144244113637748e-11
1.668115214095341098e-18
2.791484574611665058e-20
1.388573299584795924e-03
1.392825719853921018e-18
-1.852192207217848644e-18
2.906859635368713232e-10
-5.143740682128008843e-12
-5.561110866039388825e-03
1.825144244113637748e-11
6.416155146064141460e-03
1.548422015199156420e-18
2.795483260149257190e-17
-3.163880307459136773e-11
3.295495833484667505e-19
8.835712466097716876e-19
1.285469270781907335e-03
1.746492713188953312e-19
-3.390758540658614834e-17
1.668115214095341098e-18
1.548422015199156420e-18
3.111176057637806205e-03
-5.923009645582452712e-18
-3.352218878750807496e-19
3.463775881104144647e-13
-7.614417232799182261e-13
1.244485576633775882e-18
-1.192789007363850244e-18
-6.472855953503088748e-18
2.791484574611665058e-20
2.795483260149257190e-17
-5.923009645582452712e-18
3.111176057637751128e-03
-2.554954064119326587e-19
7.614622043926906679e-13
3.463671638539787900e-13
7.725876150640757139e-19
-8.960762735624863695e-03
-9.481696360223630255e-12
1.388573299584795924e-03
-3.163880307459136773e-11
-3.352218878750807496e-19
-2.554954064119326587e-19
1.095664193338446698e-03
8.069235221315279440e-19
-1.084544337305667534e-18
1.862395149706618351e-11
-1.743205073081444405e-17
6.985016994551301313e-19
1.392825719853921018e-18
3.295495833484667505e-19
3.463775881104144647e-13
7.614622043926906679e-13
8.069235221315279440e-19
4.066555517532014115e-04
-9.856719094629614935e-18
-6.572069391503800833e-20
2.237712015789818963e-17
-4.658136820421593416e-19
-1.852192207217848644e-18
8.835712466097716876e-19
-7.614417232799182261e-13
3.463671638539787900e-13
-1.084544337305667534e-18
-9.856719094629614935e-18
4.066555517532616931e-04
1.522489886277526920e-19
1.572501601617386243e-09
-9.415212030308025247e-04
2.906859635368713232e-10
1.285469270781907335e-03
1.244485576633775882e-18
7.725876150640757139e-19
1.862395149706618351e-11
-6.572069391503800833e-20
1.522489886277526920e-19
4.189873089345626158e-04
